DEB [20160822-14:10:31.406] thr=1   paramiko.transport: starting thread (client mode): 0x1dc56a50L
DEB [20160822-14:10:31.407] thr=1   paramiko.transport: Local version/idstring: SSH-2.0-paramiko_2.0.2
DEB [20160822-14:10:31.812] thr=1   paramiko.transport: Remote version/idstring: SSH-2.0-OpenSSH_6.7p1 Debian-5
INF [20160822-14:10:31.812] thr=1   paramiko.transport: Connected (version 2.0, client OpenSSH_6.7p1)
DEB [20160822-14:10:31.840] thr=1   paramiko.transport: kex algos:[u'curve25519-sha256@libssh.org', u'ecdh-sha2-nistp256', u'ecdh-sha2-nistp384', u'ecdh-sha2-nistp521', u'diffie-hellman-group-exchange-sha256', u'diffie-hellman-group14-sha1'] server key:[u'ssh-rsa', u'ssh-dss', u'ecdsa-sha2-nistp256', u'ssh-ed25519'] client encrypt:[u'aes128-ctr', u'aes192-ctr', u'aes256-ctr', u'aes128-gcm@openssh.com', u'aes256-gcm@openssh.com', u'chacha20-poly1305@openssh.com'] server encrypt:[u'aes128-ctr', u'aes192-ctr', u'aes256-ctr', u'aes128-gcm@openssh.com', u'aes256-gcm@openssh.com', u'chacha20-poly1305@openssh.com'] client mac:[u'umac-64-etm@openssh.com', u'umac-128-etm@openssh.com', u'hmac-sha2-256-etm@openssh.com', u'hmac-sha2-512-etm@openssh.com', u'hmac-sha1-etm@openssh.com', u'umac-64@openssh.com', u'umac-128@openssh.com', u'hmac-sha2-256', u'hmac-sha2-512', u'hmac-sha1'] server mac:[u'umac-64-etm@openssh.com', u'umac-128-etm@openssh.com', u'hmac-sha2-256-etm@openssh.com', u'hmac-sha2-512-etm@openssh.com', u'hmac-sha1-etm@openssh.com', u'umac-64@openssh.com', u'umac-128@openssh.com', u'hmac-sha2-256', u'hmac-sha2-512', u'hmac-sha1'] client compress:[u'none', u'zlib@openssh.com'] server compress:[u'none', u'zlib@openssh.com'] client lang:[u''] server lang:[u''] kex follows?False
DEB [20160822-14:10:31.841] thr=1   paramiko.transport: Kex agreed: diffie-hellman-group14-sha1
DEB [20160822-14:10:31.841] thr=1   paramiko.transport: Cipher agreed: aes128-ctr
DEB [20160822-14:10:31.841] thr=1   paramiko.transport: MAC agreed: hmac-sha2-256
DEB [20160822-14:10:31.841] thr=1   paramiko.transport: Compression agreed: none
DEB [20160822-14:10:32.699] thr=1   paramiko.transport: kex engine KexGroup14 specified hash_algo <built-in function openssl_sha1>
DEB [20160822-14:10:32.700] thr=1   paramiko.transport: Switch to new keys ...
DEB [20160822-14:10:32.728] thr=2   paramiko.transport: Adding ssh-rsa host key for ev3dev.local: 38db52b5c51b0b92fceb1b550f32651d
DEB [20160822-14:10:32.732] thr=1   paramiko.transport: userauth is OK
INF [20160822-14:10:33.889] thr=1   paramiko.transport: Authentication (password) successful!
DEB [20160822-14:10:33.895] thr=2   paramiko.transport: [chan 0] Max packet in: 32768 bytes
DEB [20160822-14:10:34.376] thr=1   paramiko.transport: [chan 0] Max packet out: 32768 bytes
DEB [20160822-14:10:34.376] thr=1   paramiko.transport: Secsh channel 0 opened.
DEB [20160822-14:10:34.420] thr=1   paramiko.transport: [chan 0] Sesch channel 0 request ok
INF [20160822-14:10:34.531] thr=2   paramiko.transport.sftp: [chan 0] Opened sftp connection (server version 3)
DEB [20160822-14:10:34.532] thr=2   paramiko.transport.sftp: [chan 0] open('output.py', 'wb')
DEB [20160822-14:10:34.539] thr=2   paramiko.transport.sftp: [chan 0] open('output.py', 'wb') -> 00000000
DEB [20160822-14:10:34.540] thr=2   paramiko.transport.sftp: [chan 0] close(00000000)
DEB [20160822-14:10:34.575] thr=2   paramiko.transport.sftp: [chan 0] stat('output.py')
DEB [20160822-14:10:34.587] thr=2   paramiko.transport.sftp: [chan 0] chmod('output.py', 511)
DEB [20160822-14:10:34.596] thr=2   paramiko.transport: [chan 1] Max packet in: 32768 bytes
DEB [20160822-14:10:34.599] thr=1   paramiko.transport: [chan 1] Max packet out: 32768 bytes
DEB [20160822-14:10:34.600] thr=1   paramiko.transport: Secsh channel 1 opened.
DEB [20160822-14:10:34.615] thr=1   paramiko.transport: [chan 1] Sesch channel 1 request ok
DEB [20160822-14:10:37.541] thr=1   paramiko.transport: [chan 1] EOF received (1)
DEB [20160822-14:10:37.544] thr=1   paramiko.transport: EOF in transport thread
DEB [20160822-14:11:02.059] thr=3   paramiko.transport: starting thread (client mode): 0x1dc63090L
DEB [20160822-14:11:02.060] thr=3   paramiko.transport: Local version/idstring: SSH-2.0-paramiko_2.0.2
DEB [20160822-14:11:02.467] thr=3   paramiko.transport: Remote version/idstring: SSH-2.0-OpenSSH_6.7p1 Debian-5
INF [20160822-14:11:02.467] thr=3   paramiko.transport: Connected (version 2.0, client OpenSSH_6.7p1)
DEB [20160822-14:11:02.496] thr=3   paramiko.transport: kex algos:[u'curve25519-sha256@libssh.org', u'ecdh-sha2-nistp256', u'ecdh-sha2-nistp384', u'ecdh-sha2-nistp521', u'diffie-hellman-group-exchange-sha256', u'diffie-hellman-group14-sha1'] server key:[u'ssh-rsa', u'ssh-dss', u'ecdsa-sha2-nistp256', u'ssh-ed25519'] client encrypt:[u'aes128-ctr', u'aes192-ctr', u'aes256-ctr', u'aes128-gcm@openssh.com', u'aes256-gcm@openssh.com', u'chacha20-poly1305@openssh.com'] server encrypt:[u'aes128-ctr', u'aes192-ctr', u'aes256-ctr', u'aes128-gcm@openssh.com', u'aes256-gcm@openssh.com', u'chacha20-poly1305@openssh.com'] client mac:[u'umac-64-etm@openssh.com', u'umac-128-etm@openssh.com', u'hmac-sha2-256-etm@openssh.com', u'hmac-sha2-512-etm@openssh.com', u'hmac-sha1-etm@openssh.com', u'umac-64@openssh.com', u'umac-128@openssh.com', u'hmac-sha2-256', u'hmac-sha2-512', u'hmac-sha1'] server mac:[u'umac-64-etm@openssh.com', u'umac-128-etm@openssh.com', u'hmac-sha2-256-etm@openssh.com', u'hmac-sha2-512-etm@openssh.com', u'hmac-sha1-etm@openssh.com', u'umac-64@openssh.com', u'umac-128@openssh.com', u'hmac-sha2-256', u'hmac-sha2-512', u'hmac-sha1'] client compress:[u'none', u'zlib@openssh.com'] server compress:[u'none', u'zlib@openssh.com'] client lang:[u''] server lang:[u''] kex follows?False
DEB [20160822-14:11:02.496] thr=3   paramiko.transport: Kex agreed: diffie-hellman-group14-sha1
DEB [20160822-14:11:02.497] thr=3   paramiko.transport: Cipher agreed: aes128-ctr
DEB [20160822-14:11:02.497] thr=3   paramiko.transport: MAC agreed: hmac-sha2-256
DEB [20160822-14:11:02.497] thr=3   paramiko.transport: Compression agreed: none
DEB [20160822-14:11:03.283] thr=3   paramiko.transport: kex engine KexGroup14 specified hash_algo <built-in function openssl_sha1>
DEB [20160822-14:11:03.284] thr=3   paramiko.transport: Switch to new keys ...
DEB [20160822-14:11:03.287] thr=2   paramiko.transport: Adding ssh-rsa host key for ev3dev.local: 38db52b5c51b0b92fceb1b550f32651d
DEB [20160822-14:11:03.291] thr=3   paramiko.transport: userauth is OK
INF [20160822-14:11:04.449] thr=3   paramiko.transport: Authentication (password) successful!
DEB [20160822-14:11:04.454] thr=2   paramiko.transport: [chan 0] Max packet in: 32768 bytes
DEB [20160822-14:11:04.952] thr=3   paramiko.transport: [chan 0] Max packet out: 32768 bytes
DEB [20160822-14:11:04.952] thr=3   paramiko.transport: Secsh channel 0 opened.
DEB [20160822-14:11:04.967] thr=3   paramiko.transport: [chan 0] Sesch channel 0 request ok
INF [20160822-14:11:05.087] thr=2   paramiko.transport.sftp: [chan 0] Opened sftp connection (server version 3)
DEB [20160822-14:11:05.087] thr=2   paramiko.transport.sftp: [chan 0] open('output.py', 'wb')
DEB [20160822-14:11:05.094] thr=2   paramiko.transport.sftp: [chan 0] open('output.py', 'wb') -> 00000000
DEB [20160822-14:11:05.095] thr=2   paramiko.transport.sftp: [chan 0] close(00000000)
DEB [20160822-14:11:05.136] thr=2   paramiko.transport.sftp: [chan 0] stat('output.py')
DEB [20160822-14:11:05.141] thr=2   paramiko.transport.sftp: [chan 0] chmod('output.py', 511)
DEB [20160822-14:11:05.148] thr=2   paramiko.transport: [chan 1] Max packet in: 32768 bytes
DEB [20160822-14:11:05.151] thr=3   paramiko.transport: [chan 1] Max packet out: 32768 bytes
DEB [20160822-14:11:05.151] thr=3   paramiko.transport: Secsh channel 1 opened.
DEB [20160822-14:11:05.165] thr=3   paramiko.transport: [chan 1] Sesch channel 1 request ok
DEB [20160822-14:11:07.813] thr=3   paramiko.transport: [chan 1] EOF received (1)
DEB [20160822-14:11:48.299] thr=4   paramiko.transport: starting thread (client mode): 0x1dc56ad0L
DEB [20160822-14:11:48.299] thr=4   paramiko.transport: Local version/idstring: SSH-2.0-paramiko_2.0.2
DEB [20160822-14:11:48.705] thr=4   paramiko.transport: Remote version/idstring: SSH-2.0-OpenSSH_6.7p1 Debian-5
INF [20160822-14:11:48.705] thr=4   paramiko.transport: Connected (version 2.0, client OpenSSH_6.7p1)
DEB [20160822-14:11:48.735] thr=4   paramiko.transport: kex algos:[u'curve25519-sha256@libssh.org', u'ecdh-sha2-nistp256', u'ecdh-sha2-nistp384', u'ecdh-sha2-nistp521', u'diffie-hellman-group-exchange-sha256', u'diffie-hellman-group14-sha1'] server key:[u'ssh-rsa', u'ssh-dss', u'ecdsa-sha2-nistp256', u'ssh-ed25519'] client encrypt:[u'aes128-ctr', u'aes192-ctr', u'aes256-ctr', u'aes128-gcm@openssh.com', u'aes256-gcm@openssh.com', u'chacha20-poly1305@openssh.com'] server encrypt:[u'aes128-ctr', u'aes192-ctr', u'aes256-ctr', u'aes128-gcm@openssh.com', u'aes256-gcm@openssh.com', u'chacha20-poly1305@openssh.com'] client mac:[u'umac-64-etm@openssh.com', u'umac-128-etm@openssh.com', u'hmac-sha2-256-etm@openssh.com', u'hmac-sha2-512-etm@openssh.com', u'hmac-sha1-etm@openssh.com', u'umac-64@openssh.com', u'umac-128@openssh.com', u'hmac-sha2-256', u'hmac-sha2-512', u'hmac-sha1'] server mac:[u'umac-64-etm@openssh.com', u'umac-128-etm@openssh.com', u'hmac-sha2-256-etm@openssh.com', u'hmac-sha2-512-etm@openssh.com', u'hmac-sha1-etm@openssh.com', u'umac-64@openssh.com', u'umac-128@openssh.com', u'hmac-sha2-256', u'hmac-sha2-512', u'hmac-sha1'] client compress:[u'none', u'zlib@openssh.com'] server compress:[u'none', u'zlib@openssh.com'] client lang:[u''] server lang:[u''] kex follows?False
DEB [20160822-14:11:48.735] thr=4   paramiko.transport: Kex agreed: diffie-hellman-group14-sha1
DEB [20160822-14:11:48.735] thr=4   paramiko.transport: Cipher agreed: aes128-ctr
DEB [20160822-14:11:48.735] thr=4   paramiko.transport: MAC agreed: hmac-sha2-256
DEB [20160822-14:11:48.736] thr=4   paramiko.transport: Compression agreed: none
DEB [20160822-14:11:49.527] thr=4   paramiko.transport: kex engine KexGroup14 specified hash_algo <built-in function openssl_sha1>
DEB [20160822-14:11:49.527] thr=4   paramiko.transport: Switch to new keys ...
DEB [20160822-14:11:49.530] thr=2   paramiko.transport: Adding ssh-rsa host key for ev3dev.local: 38db52b5c51b0b92fceb1b550f32651d
DEB [20160822-14:11:49.534] thr=4   paramiko.transport: userauth is OK
INF [20160822-14:11:50.700] thr=4   paramiko.transport: Authentication (password) successful!
DEB [20160822-14:11:50.734] thr=2   paramiko.transport: [chan 0] Max packet in: 32768 bytes
DEB [20160822-14:11:51.155] thr=4   paramiko.transport: [chan 0] Max packet out: 32768 bytes
DEB [20160822-14:11:51.155] thr=4   paramiko.transport: Secsh channel 0 opened.
DEB [20160822-14:11:51.183] thr=4   paramiko.transport: [chan 0] Sesch channel 0 request ok
INF [20160822-14:11:51.301] thr=2   paramiko.transport.sftp: [chan 0] Opened sftp connection (server version 3)
DEB [20160822-14:11:51.301] thr=2   paramiko.transport.sftp: [chan 0] open('output.py', 'wb')
DEB [20160822-14:11:51.308] thr=2   paramiko.transport.sftp: [chan 0] open('output.py', 'wb') -> 00000000
DEB [20160822-14:11:51.309] thr=2   paramiko.transport.sftp: [chan 0] close(00000000)
DEB [20160822-14:11:51.344] thr=2   paramiko.transport.sftp: [chan 0] stat('output.py')
DEB [20160822-14:11:51.352] thr=2   paramiko.transport.sftp: [chan 0] chmod('output.py', 511)
DEB [20160822-14:11:51.359] thr=2   paramiko.transport: [chan 1] Max packet in: 32768 bytes
DEB [20160822-14:11:51.361] thr=4   paramiko.transport: [chan 1] Max packet out: 32768 bytes
DEB [20160822-14:11:51.362] thr=4   paramiko.transport: Secsh channel 1 opened.
DEB [20160822-14:11:51.391] thr=4   paramiko.transport: [chan 1] Sesch channel 1 request ok
DEB [20160822-14:11:54.125] thr=4   paramiko.transport: [chan 1] EOF received (1)
DEB [20160822-14:14:05.094] thr=3   paramiko.transport: starting thread (client mode): 0x1dc63090L
DEB [20160822-14:14:05.094] thr=3   paramiko.transport: Local version/idstring: SSH-2.0-paramiko_2.0.2
DEB [20160822-14:14:05.499] thr=3   paramiko.transport: Remote version/idstring: SSH-2.0-OpenSSH_6.7p1 Debian-5
INF [20160822-14:14:05.499] thr=3   paramiko.transport: Connected (version 2.0, client OpenSSH_6.7p1)
DEB [20160822-14:14:05.528] thr=3   paramiko.transport: kex algos:[u'curve25519-sha256@libssh.org', u'ecdh-sha2-nistp256', u'ecdh-sha2-nistp384', u'ecdh-sha2-nistp521', u'diffie-hellman-group-exchange-sha256', u'diffie-hellman-group14-sha1'] server key:[u'ssh-rsa', u'ssh-dss', u'ecdsa-sha2-nistp256', u'ssh-ed25519'] client encrypt:[u'aes128-ctr', u'aes192-ctr', u'aes256-ctr', u'aes128-gcm@openssh.com', u'aes256-gcm@openssh.com', u'chacha20-poly1305@openssh.com'] server encrypt:[u'aes128-ctr', u'aes192-ctr', u'aes256-ctr', u'aes128-gcm@openssh.com', u'aes256-gcm@openssh.com', u'chacha20-poly1305@openssh.com'] client mac:[u'umac-64-etm@openssh.com', u'umac-128-etm@openssh.com', u'hmac-sha2-256-etm@openssh.com', u'hmac-sha2-512-etm@openssh.com', u'hmac-sha1-etm@openssh.com', u'umac-64@openssh.com', u'umac-128@openssh.com', u'hmac-sha2-256', u'hmac-sha2-512', u'hmac-sha1'] server mac:[u'umac-64-etm@openssh.com', u'umac-128-etm@openssh.com', u'hmac-sha2-256-etm@openssh.com', u'hmac-sha2-512-etm@openssh.com', u'hmac-sha1-etm@openssh.com', u'umac-64@openssh.com', u'umac-128@openssh.com', u'hmac-sha2-256', u'hmac-sha2-512', u'hmac-sha1'] client compress:[u'none', u'zlib@openssh.com'] server compress:[u'none', u'zlib@openssh.com'] client lang:[u''] server lang:[u''] kex follows?False
DEB [20160822-14:14:05.528] thr=3   paramiko.transport: Kex agreed: diffie-hellman-group14-sha1
DEB [20160822-14:14:05.528] thr=3   paramiko.transport: Cipher agreed: aes128-ctr
DEB [20160822-14:14:05.528] thr=3   paramiko.transport: MAC agreed: hmac-sha2-256
DEB [20160822-14:14:05.528] thr=3   paramiko.transport: Compression agreed: none
DEB [20160822-14:14:06.323] thr=3   paramiko.transport: kex engine KexGroup14 specified hash_algo <built-in function openssl_sha1>
DEB [20160822-14:14:06.324] thr=3   paramiko.transport: Switch to new keys ...
DEB [20160822-14:14:06.326] thr=2   paramiko.transport: Adding ssh-rsa host key for ev3dev.local: 38db52b5c51b0b92fceb1b550f32651d
DEB [20160822-14:14:06.330] thr=3   paramiko.transport: userauth is OK
INF [20160822-14:14:07.492] thr=3   paramiko.transport: Authentication (password) successful!
DEB [20160822-14:14:07.493] thr=2   paramiko.transport: [chan 0] Max packet in: 32768 bytes
DEB [20160822-14:14:07.945] thr=3   paramiko.transport: [chan 0] Max packet out: 32768 bytes
DEB [20160822-14:14:07.945] thr=3   paramiko.transport: Secsh channel 0 opened.
DEB [20160822-14:14:07.975] thr=3   paramiko.transport: [chan 0] Sesch channel 0 request ok
INF [20160822-14:14:08.090] thr=2   paramiko.transport.sftp: [chan 0] Opened sftp connection (server version 3)
DEB [20160822-14:14:08.090] thr=2   paramiko.transport.sftp: [chan 0] open('output.py', 'wb')
DEB [20160822-14:14:08.098] thr=2   paramiko.transport.sftp: [chan 0] open('output.py', 'wb') -> 00000000
DEB [20160822-14:14:08.098] thr=2   paramiko.transport.sftp: [chan 0] close(00000000)
DEB [20160822-14:14:08.134] thr=2   paramiko.transport.sftp: [chan 0] stat('output.py')
DEB [20160822-14:14:08.143] thr=2   paramiko.transport.sftp: [chan 0] chmod('output.py', 511)
DEB [20160822-14:14:08.150] thr=2   paramiko.transport: [chan 1] Max packet in: 32768 bytes
DEB [20160822-14:14:08.153] thr=3   paramiko.transport: [chan 1] Max packet out: 32768 bytes
DEB [20160822-14:14:08.153] thr=3   paramiko.transport: Secsh channel 1 opened.
DEB [20160822-14:14:08.168] thr=3   paramiko.transport: [chan 1] Sesch channel 1 request ok
DEB [20160822-14:14:10.844] thr=3   paramiko.transport: [chan 1] EOF received (1)
DEB [20160822-14:14:10.848] thr=3   paramiko.transport: EOF in transport thread
DEB [20160822-14:15:52.197] thr=5   paramiko.transport: starting thread (client mode): 0x1dc56850L
DEB [20160822-14:15:52.197] thr=5   paramiko.transport: Local version/idstring: SSH-2.0-paramiko_2.0.2
DEB [20160822-14:15:55.341] thr=5   paramiko.transport: Remote version/idstring: SSH-2.0-OpenSSH_6.7p1 Debian-5
INF [20160822-14:15:55.341] thr=5   paramiko.transport: Connected (version 2.0, client OpenSSH_6.7p1)
DEB [20160822-14:15:55.509] thr=5   paramiko.transport: kex algos:[u'curve25519-sha256@libssh.org', u'ecdh-sha2-nistp256', u'ecdh-sha2-nistp384', u'ecdh-sha2-nistp521', u'diffie-hellman-group-exchange-sha256', u'diffie-hellman-group14-sha1'] server key:[u'ssh-rsa', u'ssh-dss', u'ecdsa-sha2-nistp256', u'ssh-ed25519'] client encrypt:[u'aes128-ctr', u'aes192-ctr', u'aes256-ctr', u'aes128-gcm@openssh.com', u'aes256-gcm@openssh.com', u'chacha20-poly1305@openssh.com'] server encrypt:[u'aes128-ctr', u'aes192-ctr', u'aes256-ctr', u'aes128-gcm@openssh.com', u'aes256-gcm@openssh.com', u'chacha20-poly1305@openssh.com'] client mac:[u'umac-64-etm@openssh.com', u'umac-128-etm@openssh.com', u'hmac-sha2-256-etm@openssh.com', u'hmac-sha2-512-etm@openssh.com', u'hmac-sha1-etm@openssh.com', u'umac-64@openssh.com', u'umac-128@openssh.com', u'hmac-sha2-256', u'hmac-sha2-512', u'hmac-sha1'] server mac:[u'umac-64-etm@openssh.com', u'umac-128-etm@openssh.com', u'hmac-sha2-256-etm@openssh.com', u'hmac-sha2-512-etm@openssh.com', u'hmac-sha1-etm@openssh.com', u'umac-64@openssh.com', u'umac-128@openssh.com', u'hmac-sha2-256', u'hmac-sha2-512', u'hmac-sha1'] client compress:[u'none', u'zlib@openssh.com'] server compress:[u'none', u'zlib@openssh.com'] client lang:[u''] server lang:[u''] kex follows?False
DEB [20160822-14:15:55.510] thr=5   paramiko.transport: Kex agreed: diffie-hellman-group14-sha1
DEB [20160822-14:15:55.510] thr=5   paramiko.transport: Cipher agreed: aes128-ctr
DEB [20160822-14:15:55.510] thr=5   paramiko.transport: MAC agreed: hmac-sha2-256
DEB [20160822-14:15:55.510] thr=5   paramiko.transport: Compression agreed: none
DEB [20160822-14:15:58.651] thr=5   paramiko.transport: kex engine KexGroup14 specified hash_algo <built-in function openssl_sha1>
DEB [20160822-14:15:58.652] thr=5   paramiko.transport: Switch to new keys ...
DEB [20160822-14:15:58.667] thr=2   paramiko.transport: Adding ssh-rsa host key for ev3dev.local: 38db52b5c51b0b92fceb1b550f32651d
DEB [20160822-14:15:58.671] thr=5   paramiko.transport: userauth is OK
INF [20160822-14:16:01.954] thr=5   paramiko.transport: Authentication (password) successful!
DEB [20160822-14:16:01.973] thr=2   paramiko.transport: [chan 0] Max packet in: 32768 bytes
DEB [20160822-14:16:05.115] thr=5   paramiko.transport: [chan 0] Max packet out: 32768 bytes
DEB [20160822-14:16:05.115] thr=5   paramiko.transport: Secsh channel 0 opened.
DEB [20160822-14:16:05.690] thr=5   paramiko.transport: [chan 0] Sesch channel 0 request ok
INF [20160822-14:16:06.306] thr=2   paramiko.transport.sftp: [chan 0] Opened sftp connection (server version 3)
DEB [20160822-14:16:06.307] thr=2   paramiko.transport.sftp: [chan 0] open('output.py', 'wb')
DEB [20160822-14:16:06.319] thr=2   paramiko.transport.sftp: [chan 0] open('output.py', 'wb') -> 00000000
DEB [20160822-14:16:06.319] thr=2   paramiko.transport.sftp: [chan 0] close(00000000)
DEB [20160822-14:16:06.403] thr=2   paramiko.transport.sftp: [chan 0] stat('output.py')
DEB [20160822-14:16:06.415] thr=2   paramiko.transport.sftp: [chan 0] chmod('output.py', 511)
DEB [20160822-14:16:06.426] thr=2   paramiko.transport: [chan 1] Max packet in: 32768 bytes
DEB [20160822-14:16:06.429] thr=5   paramiko.transport: [chan 1] Max packet out: 32768 bytes
DEB [20160822-14:16:06.430] thr=5   paramiko.transport: Secsh channel 1 opened.
DEB [20160822-14:16:06.459] thr=5   paramiko.transport: [chan 1] Sesch channel 1 request ok
DEB [20160822-14:16:13.186] thr=5   paramiko.transport: [chan 1] EOF received (1)
